New log file opened at Fri Jul 22 21:45:56 BRT 2016 by 13744@pedro-Vostro-3550
Invalidating /home/pedro/Documentos/fileManager/target/scala-2.11/routes/main/router/Routes.scala...
Invalidating (transitively) by inheritance from /home/pedro/Documentos/fileManager/target/scala-2.11/routes/main/router/Routes.scala...
Initial set of included nodes: Set(/home/pedro/Documentos/fileManager/target/scala-2.11/routes/main/router/Routes.scala)
Invalidated by transitive inheritance dependency: Set(/home/pedro/Documentos/fileManager/target/scala-2.11/routes/main/router/Routes.scala)
The /home/pedro/Documentos/fileManager/target/scala-2.11/routes/main/router/Routes.scala source file has the following regular definitions changed:
	notify, controllers_HomeController_signup3_route, controllers_HomeController_index4_invoker, badRequest, wait, controllers_CountController_count1_invoker, $asInstanceOf, routes, createInvoker, equals, prefix, asInstanceOf, documentation, synchronized, $isInstanceOf, handlerFor, controllers_CountController_count1_route, notifyAll, isInstanceOf, asJava, errorHandler, controllers_Assets_versioned5_invoker, controllers_HomeController_inicio0_route, <init>, ==, clone, controllers_AsyncController_message2_route, Routes, controllers_AsyncController_message2_invoker, toString, controllers_HomeController_inicio0_invoker, !=, fakeValue, getClass, ne, withPrefix, call, eq, controllers_Assets_versioned5_route, defaultPrefix, controllers_HomeController_index4_route, ##, finalize, hashCode, controllers_HomeController_signup3_invoker.
All member reference dependencies will be considered within this context.
Invalidating /home/pedro/Documentos/filemanager-si1/app/filters/ExampleFilter.java...
Invalidating (transitively) by inheritance from /home/pedro/Documentos/filemanager-si1/app/filters/ExampleFilter.java...
Initial set of included nodes: Set(/home/pedro/Documentos/filemanager-si1/app/filters/ExampleFilter.java)
Invalidated by transitive inheritance dependency: Set(/home/pedro/Documentos/filemanager-si1/app/filters/ExampleFilter.java)
The /home/pedro/Documentos/filemanager-si1/app/filters/ExampleFilter.java source file has the following regular definitions changed:
	asScala, notify, wait, equals, ExampleFilter, lambda$apply$0, notifyAll, asJava, <init>, apply, toString, getClass, exec, hashCode.
All member reference dependencies will be considered within this context.
Invalidating /home/pedro/Documentos/fileManager/app/controllers/HomeController.java...
Invalidating (transitively) by inheritance from /home/pedro/Documentos/fileManager/app/controllers/HomeController.java...
Initial set of included nodes: Set(/home/pedro/Documentos/fileManager/app/controllers/HomeController.java)
Invalidated by transitive inheritance dependency: Set(/home/pedro/Documentos/fileManager/app/controllers/HomeController.java)
The /home/pedro/Documentos/fileManager/app/controllers/HomeController.java source file has the following regular definitions changed:
	.
All member reference dependencies will be considered within this context.
None of the modified names appears in /home/pedro/Documentos/fileManager/target/scala-2.11/routes/main/router/Routes.scala. This dependency is not being considered for invalidation.
Invalidating /home/pedro/Documentos/filemanager-si1/target/scala-2.11/twirl/main/views/html/signup.template.scala...
Invalidating (transitively) by inheritance from /home/pedro/Documentos/filemanager-si1/target/scala-2.11/twirl/main/views/html/signup.template.scala...
Initial set of included nodes: Set(/home/pedro/Documentos/filemanager-si1/target/scala-2.11/twirl/main/views/html/signup.template.scala)
Invalidated by transitive inheritance dependency: Set(/home/pedro/Documentos/filemanager-si1/target/scala-2.11/twirl/main/views/html/signup.template.scala)
The /home/pedro/Documentos/filemanager-si1/target/scala-2.11/twirl/main/views/html/signup.template.scala source file has the following regular definitions changed:
	notify, format, wait, $asInstanceOf, productArity, equals, asInstanceOf, f, synchronized, _display_, $isInstanceOf, ref, canEqual, productPrefix, notifyAll, readResolve, isInstanceOf, <init>, apply, ==, clone, signup_Scope0, copy, toString, !=, getClass, signup, copy$default$1, render, ne, eq, productIterator, ##, finalize, productElement, hashCode.
All member reference dependencies will be considered within this context.
Invalidating /home/pedro/Documentos/fileManager/app/services/ApplicationTimer.java...
Invalidating (transitively) by inheritance from /home/pedro/Documentos/fileManager/app/services/ApplicationTimer.java...
Initial set of included nodes: Set(/home/pedro/Documentos/fileManager/app/services/ApplicationTimer.java)
Invalidated by transitive inheritance dependency: Set(/home/pedro/Documentos/fileManager/app/services/ApplicationTimer.java)
The /home/pedro/Documentos/fileManager/app/services/ApplicationTimer.java source file has the following regular definitions changed:
	.
All member reference dependencies will be considered within this context.
Invalidating /home/pedro/Documentos/filemanager-si1/app/services/Counter.java...
Invalidating (transitively) by inheritance from /home/pedro/Documentos/filemanager-si1/app/services/Counter.java...
Initial set of included nodes: Set(/home/pedro/Documentos/filemanager-si1/app/services/Counter.java)
Invalidated by transitive inheritance dependency: Set(/home/pedro/Documentos/filemanager-si1/app/services/Counter.java)
The /home/pedro/Documentos/filemanager-si1/app/services/Counter.java source file has the following regular definitions changed:
	nextCount, Counter.
All member reference dependencies will be considered within this context.
Invalidating /home/pedro/Documentos/fileManager/app/controllers/AsyncController.java...
Invalidating (transitively) by inheritance from /home/pedro/Documentos/fileManager/app/controllers/AsyncController.java...
Initial set of included nodes: Set(/home/pedro/Documentos/fileManager/app/controllers/AsyncController.java)
Invalidated by transitive inheritance dependency: Set(/home/pedro/Documentos/fileManager/app/controllers/AsyncController.java)
The /home/pedro/Documentos/fileManager/app/controllers/AsyncController.java source file has the following regular definitions changed:
	.
All member reference dependencies will be considered within this context.
None of the modified names appears in /home/pedro/Documentos/fileManager/target/scala-2.11/routes/main/router/Routes.scala. This dependency is not being considered for invalidation.
Invalidating /home/pedro/Documentos/fileManager/app/services/AtomicCounter.java...
Invalidating (transitively) by inheritance from /home/pedro/Documentos/fileManager/app/services/AtomicCounter.java...
Initial set of included nodes: Set(/home/pedro/Documentos/fileManager/app/services/AtomicCounter.java)
Invalidated by transitive inheritance dependency: Set(/home/pedro/Documentos/fileManager/app/services/AtomicCounter.java)
The /home/pedro/Documentos/fileManager/app/services/AtomicCounter.java source file has the following regular definitions changed:
	.
All member reference dependencies will be considered within this context.
Invalidating /home/pedro/Documentos/filemanager-si1/target/scala-2.11/routes/main/router/Routes.scala...
Invalidating (transitively) by inheritance from /home/pedro/Documentos/filemanager-si1/target/scala-2.11/routes/main/router/Routes.scala...
Initial set of included nodes: Set(/home/pedro/Documentos/filemanager-si1/target/scala-2.11/routes/main/router/Routes.scala)
Invalidated by transitive inheritance dependency: Set(/home/pedro/Documentos/filemanager-si1/target/scala-2.11/routes/main/router/Routes.scala)
The /home/pedro/Documentos/filemanager-si1/target/scala-2.11/routes/main/router/Routes.scala source file has the following regular definitions changed:
	notify, controllers_HomeController_signup3_route, controllers_HomeController_index4_invoker, badRequest, wait, controllers_CountController_count1_invoker, $asInstanceOf, routes, createInvoker, equals, prefix, asInstanceOf, documentation, synchronized, $isInstanceOf, handlerFor, controllers_CountController_count1_route, notifyAll, isInstanceOf, asJava, errorHandler, controllers_Assets_versioned5_invoker, controllers_HomeController_inicio0_route, <init>, ==, clone, controllers_AsyncController_message2_route, Routes, controllers_AsyncController_message2_invoker, toString, controllers_HomeController_inicio0_invoker, !=, fakeValue, getClass, ne, withPrefix, call, eq, controllers_Assets_versioned5_route, defaultPrefix, controllers_HomeController_index4_route, ##, finalize, hashCode, controllers_HomeController_signup3_invoker.
All member reference dependencies will be considered within this context.
Invalidating /home/pedro/Documentos/fileManager/target/scala-2.11/twirl/main/views/html/main.template.scala...
Invalidating (transitively) by inheritance from /home/pedro/Documentos/fileManager/target/scala-2.11/twirl/main/views/html/main.template.scala...
Initial set of included nodes: Set(/home/pedro/Documentos/fileManager/target/scala-2.11/twirl/main/views/html/main.template.scala)
Invalidated by transitive inheritance dependency: Set(/home/pedro/Documentos/fileManager/target/scala-2.11/twirl/main/views/html/main.template.scala)
The /home/pedro/Documentos/fileManager/target/scala-2.11/twirl/main/views/html/main.template.scala source file has the following regular definitions changed:
	notify, format, wait, $asInstanceOf, productArity, equals, asInstanceOf, f, synchronized, _display_, $isInstanceOf, ref, canEqual, main, productPrefix, notifyAll, readResolve, isInstanceOf, <init>, apply, ==, clone, main_Scope0, copy, toString, !=, getClass, copy$default$1, render, ne, eq, productIterator, ##, finalize, productElement, hashCode.
All member reference dependencies will be considered within this context.
The following modified names cause invalidation of /home/pedro/Documentos/fileManager/target/scala-2.11/twirl/main/views/html/signup.template.scala: Set(format, _display_, main, <init>, apply)
The following modified names cause invalidation of /home/pedro/Documentos/fileManager/target/scala-2.11/twirl/main/views/html/index.template.scala: Set(format, _display_, main, <init>, apply)
The following modified names cause invalidation of /home/pedro/Documentos/fileManager/target/scala-2.11/twirl/main/views/html/inicio.template.scala: Set(format, _display_, main, <init>, apply)
Invalidating /home/pedro/Documentos/fileManager/app/Module.java...
Invalidating (transitively) by inheritance from /home/pedro/Documentos/fileManager/app/Module.java...
Initial set of included nodes: Set(/home/pedro/Documentos/fileManager/app/Module.java)
Invalidated by transitive inheritance dependency: Set(/home/pedro/Documentos/fileManager/app/Module.java)
The /home/pedro/Documentos/fileManager/app/Module.java source file has the following regular definitions changed:
	.
All member reference dependencies will be considered within this context.
Invalidating /home/pedro/Documentos/filemanager-si1/app/services/ApplicationTimer.java...
Invalidating (transitively) by inheritance from /home/pedro/Documentos/filemanager-si1/app/services/ApplicationTimer.java...
Initial set of included nodes: Set(/home/pedro/Documentos/filemanager-si1/app/services/ApplicationTimer.java)
Invalidated by transitive inheritance dependency: Set(/home/pedro/Documentos/filemanager-si1/app/services/ApplicationTimer.java)
The /home/pedro/Documentos/filemanager-si1/app/services/ApplicationTimer.java source file has the following regular definitions changed:
	notify, lambda$new$0, wait, appLifecycle, equals, ApplicationTimer, notifyAll, <init>, clock, toString, getClass, start, hashCode.
All member reference dependencies will be considered within this context.
Invalidating /home/pedro/Documentos/filemanager-si1/target/scala-2.11/routes/main/controllers/routes.java...
Invalidating (transitively) by inheritance from /home/pedro/Documentos/filemanager-si1/target/scala-2.11/routes/main/controllers/routes.java...
Initial set of included nodes: Set(/home/pedro/Documentos/filemanager-si1/target/scala-2.11/routes/main/controllers/routes.java)
Invalidated by transitive inheritance dependency: Set(/home/pedro/Documentos/filemanager-si1/target/scala-2.11/routes/main/controllers/routes.java)
The /home/pedro/Documentos/filemanager-si1/target/scala-2.11/routes/main/controllers/routes.java source file has the following regular definitions changed:
	notify, Assets, wait, routes, equals, CountController, routes$javascript, notifyAll, <init>, HomeController, AsyncController, toString, getClass, hashCode.
All member reference dependencies will be considered within this context.
Invalidating /home/pedro/Documentos/fileManager/app/Filters.java...
Invalidating (transitively) by inheritance from /home/pedro/Documentos/fileManager/app/Filters.java...
Initial set of included nodes: Set(/home/pedro/Documentos/fileManager/app/Filters.java)
Invalidated by transitive inheritance dependency: Set(/home/pedro/Documentos/fileManager/app/Filters.java)
The /home/pedro/Documentos/fileManager/app/Filters.java source file has the following regular definitions changed:
	.
All member reference dependencies will be considered within this context.
Invalidating /home/pedro/Documentos/fileManager/app/services/Counter.java...
Invalidating (transitively) by inheritance from /home/pedro/Documentos/fileManager/app/services/Counter.java...
Initial set of included nodes: Set(/home/pedro/Documentos/fileManager/app/services/Counter.java)
Invalidated by transitive inheritance dependency: Set(/home/pedro/Documentos/fileManager/app/services/Counter.java)
The /home/pedro/Documentos/fileManager/app/services/Counter.java source file has the following regular definitions changed:
	.
All member reference dependencies will be considered within this context.
New invalidations:
	Set()
Initial set of included nodes: Set()
Previously invalidated, but (transitively) depend on new invalidations:
	Set()
All newly invalidated sources after taking into account (previously) recompiled sources:Set()
Total time: 24 s, completed 22/07/2016 21:45:57
> server-post-command-cleanup
> server-handle-next-server-request
> {file:/home/pedro/Documentos/fileManager/}root/compile:mainClass
Evaluating tasks: compile:mainClass
Running task... Cancel: sbt.server.ServerTaskCancellation@f14a7a, check cycles: false
Total time: 0 s, completed 22/07/2016 21:45:57
> server-post-command-cleanup
> server-handle-next-server-request
> {file:/home/pedro/Documentos/fileManager/}root/compile:discoveredMainClasses
Evaluating tasks: compile:discoveredMainClasses
Running task... Cancel: sbt.server.ServerTaskCancellation@120dc2a, check cycles: false

Initial source changes: 
	removed:Set()
	added: Set()
	modified: Set()
Removed products: Set()
External API changes: API Changes: Set()
Modified binary dependencies: Set()
Initial directly invalidated sources: Set()

Sources indirectly invalidated by:
	product: Set()
	binary dep: Set()
	external source: Set()
All initially invalidated sources: Set()

Total time: 1 s, completed 22/07/2016 21:45:58
> server-post-command-cleanup
> server-handle-next-server-request
Done executing sbt server engine, result Right(Exit(0))
Closing listening server socket
Waiting for socket thread
Waiting for request processor thread
Waiting for command engine result
Returning control to sbt launcher with result Exit(0)
Closing the 13744@pedro-Vostro-3550 logs at Fri Jul 22 21:45:58 BRT 2016, goodbye.
