2016-07-25 20:32:49,711 [INFO] from play.core.server.NettyServer in pool-6-thread-4 - Listening for HTTP on /0:0:0:0:0:0:0:0:9000
2016-07-25 20:33:05,510 [ERROR] from application in netty-event-loop-3 - 

! @70oo24pk6 - Internal server error, for (GET) [/] ->
 
play.sbt.PlayExceptions$UnexpectedException: Unexpected exception[EOFException: null]
	at play.sbt.run.PlayReload$$anonfun$taskFailureHandler$1.apply(PlayReload.scala:51)
	at play.sbt.run.PlayReload$$anonfun$taskFailureHandler$1.apply(PlayReload.scala:44)
	at scala.Option.map(Option.scala:145)
	at play.sbt.run.PlayReload$.taskFailureHandler(PlayReload.scala:44)
	at play.sbt.run.PlayReload$.compileFailure(PlayReload.scala:40)
	at play.sbt.run.PlayReload$$anonfun$compile$1.apply(PlayReload.scala:17)
	at play.sbt.run.PlayReload$$anonfun$compile$1.apply(PlayReload.scala:17)
	at scala.util.Either$LeftProjection.map(Either.scala:377)
	at play.sbt.run.PlayReload$.compile(PlayReload.scala:17)
	at play.sbt.run.PlayRun$$anonfun$playRunTask$1$$anonfun$apply$2$$anonfun$apply$3$$anonfun$2.apply(PlayRun.scala:61)
	at play.sbt.run.PlayRun$$anonfun$playRunTask$1$$anonfun$apply$2$$anonfun$apply$3$$anonfun$2.apply(PlayRun.scala:61)
	at play.runsupport.Reloader$$anonfun$reload$1.apply(Reloader.scala:339)
	at play.runsupport.Reloader$$anon$3.run(Reloader.scala:44)
	at java.security.AccessController.doPrivileged(Native Method)
	at play.runsupport.Reloader$.play$runsupport$Reloader$$withReloaderContextClassLoader(Reloader.scala:40)
	at play.runsupport.Reloader.reload(Reloader.scala:337)
	at play.core.server.DevServerStart$$anonfun$mainDev$1$$anon$1$$anonfun$get$1.apply(DevServerStart.scala:118)
	at play.core.server.DevServerStart$$anonfun$mainDev$1$$anon$1$$anonfun$get$1.apply(DevServerStart.scala:116)
	at scala.concurrent.impl.Future$PromiseCompletingRunnable.liftedTree1$1(Future.scala:24)
	at scala.concurrent.impl.Future$PromiseCompletingRunnable.run(Future.scala:24)
	at java.util.concurrent.ForkJoinTask$RunnableExecuteAction.exec(ForkJoinTask.java:1402)
	at java.util.concurrent.ForkJoinTask.doExec(ForkJoinTask.java:289)
	at java.util.concurrent.ForkJoinPool$WorkQueue.runTask(ForkJoinPool.java:1056)
	at java.util.concurrent.ForkJoinPool.runWorker(ForkJoinPool.java:1692)
	at java.util.concurrent.ForkJoinWorkerThread.run(ForkJoinWorkerThread.java:157)
Caused by: java.io.EOFException: null
	at java.io.DataInputStream.readInt(DataInputStream.java:392)
	at javassist.bytecode.ClassFile.read(ClassFile.java:777)
	at javassist.bytecode.ClassFile.<init>(ClassFile.java:124)
	at javassist.CtClassType.<init>(CtClassType.java:96)
	at javassist.ClassPool.makeClass(ClassPool.java:728)
	at javassist.ClassPool.makeClass(ClassPool.java:706)
	at play.core.enhancers.PropertiesEnhancer.rewriteAccess(PropertiesEnhancer.java:147)
	at com.typesafe.play.sbt.enhancer.PlayEnhancer$$anonfun$scopedSettings$4.apply(PlayEnhancer.scala:44)
	at com.typesafe.play.sbt.enhancer.PlayEnhancer$$anonfun$scopedSettings$4.apply(PlayEnhancer.scala:44)
	at scala.Function2$$anonfun$curried$1$$anonfun$apply$1.apply(Function2.scala:45)
	at scala.collection.TraversableLike$$anonfun$filter$1.apply(TraversableLike.scala:264)
	at scala.collection.mutable.ResizableArray$class.foreach(ResizableArray.scala:59)
	at scala.collection.mutable.ArrayBuffer.foreach(ArrayBuffer.scala:47)
	at scala.collection.TraversableLike$class.filter(TraversableLike.scala:263)
	at scala.collection.AbstractTraversable.filter(Traversable.scala:105)
	at com.typesafe.play.sbt.enhancer.PlayEnhancer$$anonfun$bytecodeEnhance$1$$anonfun$apply$2.apply(PlayEnhancer.scala:71)
	at com.typesafe.play.sbt.enhancer.PlayEnhancer$$anonfun$bytecodeEnhance$1$$anonfun$apply$2.apply(PlayEnhancer.scala:48)
	at com.typesafe.play.sbt.enhancer.PlayEnhancer$$anonfun$scopedSettings$2.apply(PlayEnhancer.scala:38)
	at com.typesafe.play.sbt.enhancer.PlayEnhancer$$anonfun$scopedSettings$2.apply(PlayEnhancer.scala:34)
	at scala.Function1$$anonfun$compose$1.apply(Function1.scala:47)
	at sbt.$tilde$greater$$anonfun$$u2219$1.apply(TypeFunctions.scala:40)
	at sbt.std.Transform$$anon$4.work(System.scala:63)
	at sbt.Execute$$anonfun$submit$1$$anonfun$apply$1.apply(Execute.scala:228)
	at sbt.Execute$$anonfun$submit$1$$anonfun$apply$1.apply(Execute.scala:228)
	at sbt.ErrorHandling$.wideConvert(ErrorHandling.scala:17)
	at sbt.Execute.work(Execute.scala:237)
	at sbt.Execute$$anonfun$submit$1.apply(Execute.scala:228)
	at sbt.Execute$$anonfun$submit$1.apply(Execute.scala:228)
	at sbt.ConcurrentRestrictions$$anon$4$$anonfun$1.apply(ConcurrentRestrictions.scala:159)
	at sbt.CompletionService$$anon$2.call(CompletionService.scala:28)
	at java.util.concurrent.FutureTask.run(FutureTask.java:266)
	at java.util.concurrent.Executors$RunnableAdapter.call(Executors.java:511)
	at java.util.concurrent.FutureTask.run(FutureTask.java:266)
	at java.util.concurrent.ThreadPoolExecutor.runWorker(ThreadPoolExecutor.java:1142)
	at java.util.concurrent.ThreadPoolExecutor$Worker.run(ThreadPoolExecutor.java:617)
	at java.lang.Thread.run(Thread.java:745)
2016-07-25 20:33:54,284 [INFO] from application in ForkJoinPool-1-worker-2 - ApplicationTimer demo: Starting application at 2016-07-25T23:33:54.282Z
2016-07-25 20:33:54,658 [INFO] from play.api.Play in ForkJoinPool-1-worker-2 - Application started (Dev)
2016-07-25 20:36:55,222 [INFO] from application in application-akka.actor.default-dispatcher-8 - ApplicationTimer demo: Stopping application at 2016-07-25T23:36:55.222Z after 181s.
2016-07-25 20:36:55,412 [INFO] from application in application-akka.actor.default-dispatcher-8 - ApplicationTimer demo: Starting application at 2016-07-25T23:36:55.412Z
2016-07-25 20:36:55,538 [INFO] from play.api.Play in application-akka.actor.default-dispatcher-8 - Application started (Dev)
2016-07-25 20:43:42,000 [INFO] from application in application-akka.actor.default-dispatcher-2 - ApplicationTimer demo: Stopping application at 2016-07-25T23:43:42Z after 406s.
2016-07-25 20:43:42,188 [INFO] from application in application-akka.actor.default-dispatcher-2 - ApplicationTimer demo: Starting application at 2016-07-25T23:43:42.188Z
2016-07-25 20:43:42,328 [INFO] from play.api.Play in application-akka.actor.default-dispatcher-2 - Application started (Dev)
2016-07-25 20:44:29,903 [INFO] from application in application-akka.actor.default-dispatcher-5 - ApplicationTimer demo: Stopping application at 2016-07-25T23:44:29.903Z after 47s.
2016-07-25 20:44:30,121 [INFO] from application in application-akka.actor.default-dispatcher-5 - ApplicationTimer demo: Starting application at 2016-07-25T23:44:30.121Z
2016-07-25 20:44:30,203 [INFO] from play.api.Play in application-akka.actor.default-dispatcher-5 - Application started (Dev)
2016-07-25 20:50:03,384 [INFO] from application in application-akka.actor.default-dispatcher-3 - ApplicationTimer demo: Stopping application at 2016-07-25T23:50:03.384Z after 333s.
2016-07-25 20:50:03,552 [INFO] from application in application-akka.actor.default-dispatcher-3 - ApplicationTimer demo: Starting application at 2016-07-25T23:50:03.552Z
2016-07-25 20:50:03,636 [INFO] from play.api.Play in application-akka.actor.default-dispatcher-3 - Application started (Dev)
2016-07-25 20:52:24,484 [INFO] from application in application-akka.actor.default-dispatcher-3 - ApplicationTimer demo: Stopping application at 2016-07-25T23:52:24.484Z after 141s.
2016-07-25 20:52:24,620 [INFO] from application in application-akka.actor.default-dispatcher-3 - ApplicationTimer demo: Starting application at 2016-07-25T23:52:24.620Z
2016-07-25 20:52:24,704 [INFO] from play.api.Play in application-akka.actor.default-dispatcher-3 - Application started (Dev)
2016-07-25 20:53:20,601 [INFO] from application in application-akka.actor.default-dispatcher-5 - ApplicationTimer demo: Stopping application at 2016-07-25T23:53:20.601Z after 56s.
2016-07-25 20:53:20,721 [INFO] from application in application-akka.actor.default-dispatcher-5 - ApplicationTimer demo: Starting application at 2016-07-25T23:53:20.721Z
2016-07-25 20:53:20,831 [INFO] from play.api.Play in application-akka.actor.default-dispatcher-5 - Application started (Dev)
2016-07-25 20:59:30,230 [INFO] from application in application-akka.actor.default-dispatcher-5 - ApplicationTimer demo: Stopping application at 2016-07-25T23:59:30.230Z after 370s.
2016-07-25 20:59:30,355 [INFO] from application in application-akka.actor.default-dispatcher-5 - ApplicationTimer demo: Starting application at 2016-07-25T23:59:30.355Z
2016-07-25 20:59:30,417 [INFO] from play.api.Play in application-akka.actor.default-dispatcher-5 - Application started (Dev)
2016-07-25 21:03:47,219 [INFO] from application in application-akka.actor.default-dispatcher-4 - ApplicationTimer demo: Stopping application at 2016-07-26T00:03:47.218Z after 257s.
2016-07-25 21:03:47,333 [INFO] from application in application-akka.actor.default-dispatcher-4 - ApplicationTimer demo: Starting application at 2016-07-26T00:03:47.332Z
2016-07-25 21:03:47,413 [INFO] from play.api.Play in application-akka.actor.default-dispatcher-4 - Application started (Dev)
2016-07-25 21:04:38,429 [INFO] from application in application-akka.actor.default-dispatcher-2 - ApplicationTimer demo: Stopping application at 2016-07-26T00:04:38.429Z after 51s.
2016-07-25 21:04:38,554 [INFO] from application in application-akka.actor.default-dispatcher-2 - ApplicationTimer demo: Starting application at 2016-07-26T00:04:38.554Z
2016-07-25 21:04:38,663 [INFO] from play.api.Play in application-akka.actor.default-dispatcher-2 - Application started (Dev)
2016-07-25 21:21:08,797 [INFO] from application in application-akka.actor.default-dispatcher-7 - ApplicationTimer demo: Stopping application at 2016-07-26T00:21:08.797Z after 990s.
2016-07-25 21:21:08,924 [INFO] from application in application-akka.actor.default-dispatcher-7 - ApplicationTimer demo: Starting application at 2016-07-26T00:21:08.924Z
2016-07-25 21:21:09,012 [INFO] from play.api.Play in application-akka.actor.default-dispatcher-7 - Application started (Dev)
2016-07-25 21:21:39,717 [INFO] from application in application-akka.actor.default-dispatcher-6 - ApplicationTimer demo: Stopping application at 2016-07-26T00:21:39.717Z after 31s.
2016-07-25 21:21:39,846 [INFO] from application in application-akka.actor.default-dispatcher-6 - ApplicationTimer demo: Starting application at 2016-07-26T00:21:39.846Z
2016-07-25 21:21:39,922 [INFO] from play.api.Play in application-akka.actor.default-dispatcher-6 - Application started (Dev)
2016-07-25 21:32:16,022 [INFO] from application in application-akka.actor.default-dispatcher-2 - ApplicationTimer demo: Stopping application at 2016-07-26T00:32:16.022Z after 637s.
2016-07-25 21:32:16,102 [INFO] from application in application-akka.actor.default-dispatcher-2 - ApplicationTimer demo: Starting application at 2016-07-26T00:32:16.102Z
2016-07-25 21:32:16,181 [INFO] from play.api.Play in application-akka.actor.default-dispatcher-2 - Application started (Dev)
2016-07-25 21:37:58,167 [INFO] from application in application-akka.actor.default-dispatcher-14 - ApplicationTimer demo: Stopping application at 2016-07-26T00:37:58.166Z after 342s.
2016-07-25 21:37:58,287 [INFO] from application in application-akka.actor.default-dispatcher-14 - ApplicationTimer demo: Starting application at 2016-07-26T00:37:58.287Z
2016-07-25 21:37:58,354 [INFO] from play.api.Play in application-akka.actor.default-dispatcher-14 - Application started (Dev)
2016-07-25 21:38:46,595 [INFO] from application in application-akka.actor.default-dispatcher-5 - ApplicationTimer demo: Stopping application at 2016-07-26T00:38:46.595Z after 48s.
2016-07-25 21:38:46,685 [INFO] from application in application-akka.actor.default-dispatcher-5 - ApplicationTimer demo: Starting application at 2016-07-26T00:38:46.685Z
2016-07-25 21:38:46,798 [INFO] from play.api.Play in application-akka.actor.default-dispatcher-5 - Application started (Dev)
2016-07-25 21:59:27,363 [INFO] from application in application-akka.actor.default-dispatcher-26 - ApplicationTimer demo: Stopping application at 2016-07-26T00:59:27.363Z after 1241s.
2016-07-25 21:59:27,443 [INFO] from application in application-akka.actor.default-dispatcher-26 - ApplicationTimer demo: Starting application at 2016-07-26T00:59:27.443Z
2016-07-25 21:59:27,507 [INFO] from play.api.Play in application-akka.actor.default-dispatcher-26 - Application started (Dev)
2016-07-25 22:07:15,676 [INFO] from application in application-akka.actor.default-dispatcher-6 - ApplicationTimer demo: Stopping application at 2016-07-26T01:07:15.676Z after 468s.
2016-07-25 22:07:15,738 [INFO] from application in application-akka.actor.default-dispatcher-6 - ApplicationTimer demo: Starting application at 2016-07-26T01:07:15.738Z
2016-07-25 22:07:15,779 [INFO] from play.api.Play in application-akka.actor.default-dispatcher-6 - Application started (Dev)
2016-07-25 22:07:21,462 [ERROR] from application in application-akka.actor.default-dispatcher-5 - 

! @70ooeekjp - Internal server error, for (GET) [/api/user/victor] ->
 
play.api.http.HttpErrorHandlerExceptions$$anon$1: Execution exception[[CompletionException: java.lang.NullPointerException: Null content]]
	at play.api.http.HttpErrorHandlerExceptions$.throwableToUsefulException(HttpErrorHandler.scala:280)
	at play.api.http.DefaultHttpErrorHandler.onServerError(HttpErrorHandler.scala:206)
	at play.api.GlobalSettings$class.onError(GlobalSettings.scala:160)
	at play.api.DefaultGlobal$.onError(GlobalSettings.scala:188)
	at play.api.http.GlobalSettingsHttpErrorHandler.onServerError(HttpErrorHandler.scala:98)
	at play.core.server.netty.PlayRequestHandler$$anonfun$2$$anonfun$apply$1.applyOrElse(PlayRequestHandler.scala:100)
	at play.core.server.netty.PlayRequestHandler$$anonfun$2$$anonfun$apply$1.applyOrElse(PlayRequestHandler.scala:99)
	at scala.concurrent.Future$$anonfun$recoverWith$1.apply(Future.scala:344)
	at scala.concurrent.Future$$anonfun$recoverWith$1.apply(Future.scala:343)
	at scala.concurrent.impl.CallbackRunnable.run(Promise.scala:32)
	at play.api.libs.iteratee.Execution$trampoline$.execute(Execution.scala:70)
	at scala.concurrent.impl.CallbackRunnable.executeWithValue(Promise.scala:40)
	at scala.concurrent.impl.Promise$DefaultPromise.tryComplete(Promise.scala:248)
	at scala.concurrent.Promise$class.complete(Promise.scala:55)
	at scala.concurrent.impl.Promise$DefaultPromise.complete(Promise.scala:153)
	at scala.concurrent.Future$$anonfun$recoverWith$1$$anonfun$apply$6.apply(Future.scala:344)
	at scala.concurrent.Future$$anonfun$recoverWith$1$$anonfun$apply$6.apply(Future.scala:344)
	at scala.concurrent.impl.CallbackRunnable.run(Promise.scala:32)
	at scala.concurrent.BatchingExecutor$Batch$$anonfun$run$1.processBatch$1(BatchingExecutor.scala:63)
	at scala.concurrent.BatchingExecutor$Batch$$anonfun$run$1.apply$mcV$sp(BatchingExecutor.scala:78)
	at scala.concurrent.BatchingExecutor$Batch$$anonfun$run$1.apply(BatchingExecutor.scala:55)
	at scala.concurrent.BatchingExecutor$Batch$$anonfun$run$1.apply(BatchingExecutor.scala:55)
	at scala.concurrent.BlockContext$.withBlockContext(BlockContext.scala:72)
	at scala.concurrent.BatchingExecutor$Batch.run(BatchingExecutor.scala:54)
	at scala.concurrent.Future$InternalCallbackExecutor$.unbatchedExecute(Future.scala:599)
	at scala.concurrent.BatchingExecutor$class.execute(BatchingExecutor.scala:106)
	at scala.concurrent.Future$InternalCallbackExecutor$.execute(Future.scala:597)
	at scala.concurrent.impl.CallbackRunnable.executeWithValue(Promise.scala:40)
	at scala.concurrent.impl.Promise$DefaultPromise.scala$concurrent$impl$Promise$DefaultPromise$$dispatchOrAddCallback(Promise.scala:280)
	at scala.concurrent.impl.Promise$DefaultPromise.onComplete(Promise.scala:270)
	at scala.concurrent.Future$$anonfun$recoverWith$1.apply(Future.scala:344)
	at scala.concurrent.Future$$anonfun$recoverWith$1.apply(Future.scala:343)
	at scala.concurrent.impl.CallbackRunnable.run(Promise.scala:32)
	at akka.dispatch.BatchingExecutor$AbstractBatch.processBatch(BatchingExecutor.scala:55)
	at akka.dispatch.BatchingExecutor$BlockableBatch$$anonfun$run$1.apply$mcV$sp(BatchingExecutor.scala:91)
	at akka.dispatch.BatchingExecutor$BlockableBatch$$anonfun$run$1.apply(BatchingExecutor.scala:91)
	at akka.dispatch.BatchingExecutor$BlockableBatch$$anonfun$run$1.apply(BatchingExecutor.scala:91)
	at scala.concurrent.BlockContext$.withBlockContext(BlockContext.scala:72)
	at akka.dispatch.BatchingExecutor$BlockableBatch.run(BatchingExecutor.scala:90)
	at akka.dispatch.TaskInvocation.run(AbstractDispatcher.scala:39)
	at akka.dispatch.ForkJoinExecutorConfigurator$AkkaForkJoinTask.exec(AbstractDispatcher.scala:405)
	at scala.concurrent.forkjoin.ForkJoinTask.doExec(ForkJoinTask.java:260)
	at scala.concurrent.forkjoin.ForkJoinPool$WorkQueue.runTask(ForkJoinPool.java:1339)
	at scala.concurrent.forkjoin.ForkJoinPool.runWorker(ForkJoinPool.java:1979)
	at scala.concurrent.forkjoin.ForkJoinWorkerThread.run(ForkJoinWorkerThread.java:107)
Caused by: java.util.concurrent.CompletionException: java.lang.NullPointerException: Null content
	at java.util.concurrent.CompletableFuture.encodeThrowable(CompletableFuture.java:292)
	at java.util.concurrent.CompletableFuture.completeThrowable(CompletableFuture.java:308)
	at java.util.concurrent.CompletableFuture.uniApply(CompletableFuture.java:593)
	at java.util.concurrent.CompletableFuture$UniApply.tryFire(CompletableFuture.java:577)
	at java.util.concurrent.CompletableFuture.postComplete(CompletableFuture.java:474)
	at java.util.concurrent.CompletableFuture.completeExceptionally(CompletableFuture.java:1977)
	at scala.concurrent.java8.FuturesConvertersImpl$CF.apply(FutureConvertersImpl.scala:21)
	at scala.concurrent.java8.FuturesConvertersImpl$CF.apply(FutureConvertersImpl.scala:18)
	at scala.concurrent.impl.CallbackRunnable.run(Promise.scala:32)
	at scala.concurrent.BatchingExecutor$Batch$$anonfun$run$1.processBatch$1(BatchingExecutor.scala:63)
	at scala.concurrent.BatchingExecutor$Batch$$anonfun$run$1.apply$mcV$sp(BatchingExecutor.scala:78)
	at scala.concurrent.BatchingExecutor$Batch$$anonfun$run$1.apply(BatchingExecutor.scala:55)
	at scala.concurrent.BatchingExecutor$Batch$$anonfun$run$1.apply(BatchingExecutor.scala:55)
	at scala.concurrent.BlockContext$.withBlockContext(BlockContext.scala:72)
	at scala.concurrent.BatchingExecutor$Batch.run(BatchingExecutor.scala:54)
	at scala.concurrent.Future$InternalCallbackExecutor$.unbatchedExecute(Future.scala:599)
	at scala.concurrent.BatchingExecutor$class.execute(BatchingExecutor.scala:106)
	at scala.concurrent.Future$InternalCallbackExecutor$.execute(Future.scala:597)
	at scala.concurrent.impl.CallbackRunnable.executeWithValue(Promise.scala:40)
	at scala.concurrent.impl.Promise$DefaultPromise.tryComplete(Promise.scala:248)
	at scala.concurrent.Promise$class.tryFailure(Promise.scala:112)
	at scala.concurrent.impl.Promise$DefaultPromise.tryFailure(Promise.scala:153)
	at play.api.mvc.Filter$$anon$1$$anonfun$apply$4$$anonfun$apply$1.applyOrElse(Filters.scala:83)
	at play.api.mvc.Filter$$anon$1$$anonfun$apply$4$$anonfun$apply$1.applyOrElse(Filters.scala:77)
	... 15 common frames omitted
Caused by: java.lang.NullPointerException: Null content
	at play.mvc.Results.status(Results.java:126)
	at play.mvc.Results.status(Results.java:112)
	at play.mvc.Results.ok(Results.java:517)
	at controllers.UserController.getUser(UserController.java:31)
	at router.Routes$$anonfun$routes$1$$anonfun$applyOrElse$8$$anonfun$apply$8.apply(Routes.scala:275)
	at router.Routes$$anonfun$routes$1$$anonfun$applyOrElse$8$$anonfun$apply$8.apply(Routes.scala:275)
	at play.core.routing.HandlerInvokerFactory$$anon$4.resultCall(HandlerInvoker.scala:157)
	at play.core.routing.HandlerInvokerFactory$$anon$4.resultCall(HandlerInvoker.scala:156)
	at play.core.routing.HandlerInvokerFactory$JavaActionInvokerFactory$$anon$14$$anon$3$$anon$1.invocation(HandlerInvoker.scala:136)
	at play.core.j.JavaAction$$anon$1.call(JavaAction.scala:73)
	at play.http.HttpRequestHandler$1.call(HttpRequestHandler.java:54)
	at play.core.j.JavaAction$$anonfun$7.apply(JavaAction.scala:108)
	at play.core.j.JavaAction$$anonfun$7.apply(JavaAction.scala:108)
	at scala.concurrent.impl.Future$PromiseCompletingRunnable.liftedTree1$1(Future.scala:24)
	at scala.concurrent.impl.Future$PromiseCompletingRunnable.run(Future.scala:24)
	at play.core.j.HttpExecutionContext$$anon$2.run(HttpExecutionContext.scala:56)
	at play.api.libs.iteratee.Execution$trampoline$.execute(Execution.scala:70)
	at play.core.j.HttpExecutionContext.execute(HttpExecutionContext.scala:48)
	at scala.concurrent.impl.Future$.apply(Future.scala:31)
	at scala.concurrent.Future$.apply(Future.scala:492)
	at play.core.j.JavaAction.apply(JavaAction.scala:108)
	at play.api.mvc.Action$$anonfun$apply$2$$anonfun$apply$5$$anonfun$apply$6.apply(Action.scala:112)
	at play.api.mvc.Action$$anonfun$apply$2$$anonfun$apply$5$$anonfun$apply$6.apply(Action.scala:112)
	at play.utils.Threads$.withContextClassLoader(Threads.scala:21)
	at play.api.mvc.Action$$anonfun$apply$2$$anonfun$apply$5.apply(Action.scala:111)
	at play.api.mvc.Action$$anonfun$apply$2$$anonfun$apply$5.apply(Action.scala:110)
	at scala.Option.map(Option.scala:146)
	at play.api.mvc.Action$$anonfun$apply$2.apply(Action.scala:110)
	at play.api.mvc.Action$$anonfun$apply$2.apply(Action.scala:103)
	at scala.concurrent.Future$$anonfun$flatMap$1.apply(Future.scala:251)
	at scala.concurrent.Future$$anonfun$flatMap$1.apply(Future.scala:249)
	... 13 common frames omitted
2016-07-25 22:08:04,741 [ERROR] from application in netty-event-loop-5 - 

! @70ooeh6l3 - Internal server error, for (GET) [/api/user/victor] ->
 
play.api.http.HttpErrorHandlerExceptions$$anon$1: Execution exception[[CompletionException: java.lang.NullPointerException: Null content]]
	at play.api.http.HttpErrorHandlerExceptions$.throwableToUsefulException(HttpErrorHandler.scala:280)
	at play.api.http.DefaultHttpErrorHandler.onServerError(HttpErrorHandler.scala:206)
	at play.api.GlobalSettings$class.onError(GlobalSettings.scala:160)
	at play.api.DefaultGlobal$.onError(GlobalSettings.scala:188)
	at play.api.http.GlobalSettingsHttpErrorHandler.onServerError(HttpErrorHandler.scala:98)
	at play.core.server.netty.PlayRequestHandler$$anonfun$2$$anonfun$apply$1.applyOrElse(PlayRequestHandler.scala:100)
	at play.core.server.netty.PlayRequestHandler$$anonfun$2$$anonfun$apply$1.applyOrElse(PlayRequestHandler.scala:99)
	at scala.concurrent.Future$$anonfun$recoverWith$1.apply(Future.scala:344)
	at scala.concurrent.Future$$anonfun$recoverWith$1.apply(Future.scala:343)
	at scala.concurrent.impl.CallbackRunnable.run(Promise.scala:32)
	at play.api.libs.iteratee.Execution$trampoline$.execute(Execution.scala:70)
	at scala.concurrent.impl.CallbackRunnable.executeWithValue(Promise.scala:40)
	at scala.concurrent.impl.Promise$DefaultPromise.scala$concurrent$impl$Promise$DefaultPromise$$dispatchOrAddCallback(Promise.scala:280)
	at scala.concurrent.impl.Promise$DefaultPromise.onComplete(Promise.scala:270)
	at scala.concurrent.Future$class.recoverWith(Future.scala:343)
	at scala.concurrent.impl.Promise$DefaultPromise.recoverWith(Promise.scala:153)
	at play.api.libs.streams.SinkAccumulator$$anonfun$recoverWith$1$$anonfun$apply$5.apply(Accumulator.scala:119)
	at play.api.libs.streams.SinkAccumulator$$anonfun$recoverWith$1$$anonfun$apply$5.apply(Accumulator.scala:119)
	at akka.stream.impl.MaterializerSession.resolveMaterialized(StreamLayout.scala:894)
	at akka.stream.impl.MaterializerSession.materializeModule(StreamLayout.scala:871)
	at akka.stream.impl.MaterializerSession.materialize(StreamLayout.scala:817)
	at akka.stream.impl.ActorMaterializerImpl.materialize(ActorMaterializerImpl.scala:190)
	at akka.stream.impl.ActorMaterializerImpl.materialize(ActorMaterializerImpl.scala:79)
	at akka.stream.scaladsl.RunnableGraph.run(Flow.scala:367)
	at play.api.libs.streams.SinkAccumulator.run(Accumulator.scala:125)
	at play.api.libs.streams.SinkAccumulator.run(Accumulator.scala:129)
	at play.core.server.netty.PlayRequestHandler.play$core$server$netty$PlayRequestHandler$$handleAction(PlayRequestHandler.scala:258)
	at play.core.server.netty.PlayRequestHandler.handle(PlayRequestHandler.scala:103)
	at play.core.server.netty.PlayRequestHandler.channelRead(PlayRequestHandler.scala:163)
	at io.netty.channel.AbstractChannelHandlerContext.invokeChannelRead(AbstractChannelHandlerContext.java:292)
	at io.netty.channel.AbstractChannelHandlerContext.fireChannelRead(AbstractChannelHandlerContext.java:278)
	at com.typesafe.netty.http.HttpStreamsHandler.channelRead(HttpStreamsHandler.java:129)
	at com.typesafe.netty.http.HttpStreamsServerHandler.channelRead(HttpStreamsServerHandler.java:96)
	at io.netty.channel.AbstractChannelHandlerContext.invokeChannelRead(AbstractChannelHandlerContext.java:292)
	at io.netty.channel.AbstractChannelHandlerContext.fireChannelRead(AbstractChannelHandlerContext.java:278)
	at io.netty.handler.codec.MessageToMessageDecoder.channelRead(MessageToMessageDecoder.java:103)
	at io.netty.channel.AbstractChannelHandlerContext.invokeChannelRead(AbstractChannelHandlerContext.java:292)
	at io.netty.channel.AbstractChannelHandlerContext.fireChannelRead(AbstractChannelHandlerContext.java:278)
	at io.netty.handler.codec.ByteToMessageDecoder.fireChannelRead(ByteToMessageDecoder.java:277)
	at io.netty.handler.codec.ByteToMessageDecoder.channelRead(ByteToMessageDecoder.java:264)
	at io.netty.channel.AbstractChannelHandlerContext.invokeChannelRead(AbstractChannelHandlerContext.java:292)
	at io.netty.channel.AbstractChannelHandlerContext.fireChannelRead(AbstractChannelHandlerContext.java:278)
	at io.netty.channel.DefaultChannelPipeline.fireChannelRead(DefaultChannelPipeline.java:962)
	at io.netty.channel.nio.AbstractNioByteChannel$NioByteUnsafe.read(AbstractNioByteChannel.java:131)
	at io.netty.channel.nio.NioEventLoop.processSelectedKey(NioEventLoop.java:528)
	at io.netty.channel.nio.NioEventLoop.processSelectedKeysOptimized(NioEventLoop.java:485)
	at io.netty.channel.nio.NioEventLoop.processSelectedKeys(NioEventLoop.java:399)
	at io.netty.channel.nio.NioEventLoop.run(NioEventLoop.java:371)
	at io.netty.util.concurrent.SingleThreadEventExecutor$2.run(SingleThreadEventExecutor.java:112)
	at java.lang.Thread.run(Thread.java:745)
Caused by: java.util.concurrent.CompletionException: java.lang.NullPointerException: Null content
	at java.util.concurrent.CompletableFuture.encodeThrowable(CompletableFuture.java:292)
	at java.util.concurrent.CompletableFuture.completeThrowable(CompletableFuture.java:308)
	at java.util.concurrent.CompletableFuture.uniApply(CompletableFuture.java:593)
	at java.util.concurrent.CompletableFuture$UniApply.tryFire(CompletableFuture.java:577)
	at java.util.concurrent.CompletableFuture.postComplete(CompletableFuture.java:474)
	at java.util.concurrent.CompletableFuture.completeExceptionally(CompletableFuture.java:1977)
	at scala.concurrent.java8.FuturesConvertersImpl$CF.apply(FutureConvertersImpl.scala:21)
	at scala.concurrent.java8.FuturesConvertersImpl$CF.apply(FutureConvertersImpl.scala:18)
	at scala.concurrent.impl.CallbackRunnable.run(Promise.scala:32)
	at scala.concurrent.BatchingExecutor$Batch$$anonfun$run$1.processBatch$1(BatchingExecutor.scala:63)
	at scala.concurrent.BatchingExecutor$Batch$$anonfun$run$1.apply$mcV$sp(BatchingExecutor.scala:78)
	at scala.concurrent.BatchingExecutor$Batch$$anonfun$run$1.apply(BatchingExecutor.scala:55)
	at scala.concurrent.BatchingExecutor$Batch$$anonfun$run$1.apply(BatchingExecutor.scala:55)
	at scala.concurrent.BlockContext$.withBlockContext(BlockContext.scala:72)
	at scala.concurrent.BatchingExecutor$Batch.run(BatchingExecutor.scala:54)
	at scala.concurrent.Future$InternalCallbackExecutor$.unbatchedExecute(Future.scala:599)
	at scala.concurrent.BatchingExecutor$class.execute(BatchingExecutor.scala:106)
	at scala.concurrent.Future$InternalCallbackExecutor$.execute(Future.scala:597)
	at scala.concurrent.impl.CallbackRunnable.executeWithValue(Promise.scala:40)
	at scala.concurrent.impl.Promise$DefaultPromise.tryComplete(Promise.scala:248)
	at scala.concurrent.Promise$class.tryFailure(Promise.scala:112)
	at scala.concurrent.impl.Promise$DefaultPromise.tryFailure(Promise.scala:153)
	at play.api.mvc.Filter$$anon$1$$anonfun$apply$4$$anonfun$apply$1.applyOrElse(Filters.scala:83)
	at play.api.mvc.Filter$$anon$1$$anonfun$apply$4$$anonfun$apply$1.applyOrElse(Filters.scala:77)
	at scala.concurrent.Future$$anonfun$recoverWith$1.apply(Future.scala:344)
	at scala.concurrent.Future$$anonfun$recoverWith$1.apply(Future.scala:343)
	at scala.concurrent.impl.CallbackRunnable.run(Promise.scala:32)
	at akka.dispatch.BatchingExecutor$AbstractBatch.processBatch(BatchingExecutor.scala:55)
	at akka.dispatch.BatchingExecutor$BlockableBatch$$anonfun$run$1.apply$mcV$sp(BatchingExecutor.scala:91)
	at akka.dispatch.BatchingExecutor$BlockableBatch$$anonfun$run$1.apply(BatchingExecutor.scala:91)
	at akka.dispatch.BatchingExecutor$BlockableBatch$$anonfun$run$1.apply(BatchingExecutor.scala:91)
	at scala.concurrent.BlockContext$.withBlockContext(BlockContext.scala:72)
	at akka.dispatch.BatchingExecutor$BlockableBatch.run(BatchingExecutor.scala:90)
	at akka.dispatch.TaskInvocation.run(AbstractDispatcher.scala:39)
	at akka.dispatch.ForkJoinExecutorConfigurator$AkkaForkJoinTask.exec(AbstractDispatcher.scala:405)
	at scala.concurrent.forkjoin.ForkJoinTask.doExec(ForkJoinTask.java:260)
	at scala.concurrent.forkjoin.ForkJoinPool$WorkQueue.runTask(ForkJoinPool.java:1339)
	at scala.concurrent.forkjoin.ForkJoinPool.runWorker(ForkJoinPool.java:1979)
	at scala.concurrent.forkjoin.ForkJoinWorkerThread.run(ForkJoinWorkerThread.java:107)
Caused by: java.lang.NullPointerException: Null content
	at play.mvc.Results.status(Results.java:126)
	at play.mvc.Results.status(Results.java:112)
	at play.mvc.Results.ok(Results.java:517)
	at controllers.UserController.getUser(UserController.java:31)
	at router.Routes$$anonfun$routes$1$$anonfun$applyOrElse$8$$anonfun$apply$8.apply(Routes.scala:275)
	at router.Routes$$anonfun$routes$1$$anonfun$applyOrElse$8$$anonfun$apply$8.apply(Routes.scala:275)
	at play.core.routing.HandlerInvokerFactory$$anon$4.resultCall(HandlerInvoker.scala:157)
	at play.core.routing.HandlerInvokerFactory$$anon$4.resultCall(HandlerInvoker.scala:156)
	at play.core.routing.HandlerInvokerFactory$JavaActionInvokerFactory$$anon$14$$anon$3$$anon$1.invocation(HandlerInvoker.scala:136)
	at play.core.j.JavaAction$$anon$1.call(JavaAction.scala:73)
	at play.http.HttpRequestHandler$1.call(HttpRequestHandler.java:54)
	at play.core.j.JavaAction$$anonfun$7.apply(JavaAction.scala:108)
	at play.core.j.JavaAction$$anonfun$7.apply(JavaAction.scala:108)
	at scala.concurrent.impl.Future$PromiseCompletingRunnable.liftedTree1$1(Future.scala:24)
	at scala.concurrent.impl.Future$PromiseCompletingRunnable.run(Future.scala:24)
	at play.core.j.HttpExecutionContext$$anon$2.run(HttpExecutionContext.scala:56)
	at play.api.libs.iteratee.Execution$trampoline$.execute(Execution.scala:70)
	at play.core.j.HttpExecutionContext.execute(HttpExecutionContext.scala:48)
	at scala.concurrent.impl.Future$.apply(Future.scala:31)
	at scala.concurrent.Future$.apply(Future.scala:492)
	at play.core.j.JavaAction.apply(JavaAction.scala:108)
	at play.api.mvc.Action$$anonfun$apply$2$$anonfun$apply$5$$anonfun$apply$6.apply(Action.scala:112)
	at play.api.mvc.Action$$anonfun$apply$2$$anonfun$apply$5$$anonfun$apply$6.apply(Action.scala:112)
	at play.utils.Threads$.withContextClassLoader(Threads.scala:21)
	at play.api.mvc.Action$$anonfun$apply$2$$anonfun$apply$5.apply(Action.scala:111)
	at play.api.mvc.Action$$anonfun$apply$2$$anonfun$apply$5.apply(Action.scala:110)
	at scala.Option.map(Option.scala:146)
	at play.api.mvc.Action$$anonfun$apply$2.apply(Action.scala:110)
	at play.api.mvc.Action$$anonfun$apply$2.apply(Action.scala:103)
	at scala.concurrent.Future$$anonfun$flatMap$1.apply(Future.scala:251)
	at scala.concurrent.Future$$anonfun$flatMap$1.apply(Future.scala:249)
	... 13 common frames omitted
2016-07-25 22:09:10,361 [INFO] from application in application-akka.actor.default-dispatcher-7 - ApplicationTimer demo: Stopping application at 2016-07-26T01:09:10.361Z after 115s.
2016-07-25 22:09:10,437 [INFO] from application in application-akka.actor.default-dispatcher-7 - ApplicationTimer demo: Starting application at 2016-07-26T01:09:10.436Z
2016-07-25 22:09:10,520 [INFO] from play.api.Play in application-akka.actor.default-dispatcher-7 - Application started (Dev)
2016-07-25 22:09:15,535 [ERROR] from application in netty-event-loop-5 - 

! @70ooel7do - Internal server error, for (GET) [/api/user/victor] ->
 
play.api.http.HttpErrorHandlerExceptions$$anon$1: Execution exception[[CompletionException: java.lang.NullPointerException: Null content]]
	at play.api.http.HttpErrorHandlerExceptions$.throwableToUsefulException(HttpErrorHandler.scala:280)
	at play.api.http.DefaultHttpErrorHandler.onServerError(HttpErrorHandler.scala:206)
	at play.api.GlobalSettings$class.onError(GlobalSettings.scala:160)
	at play.api.DefaultGlobal$.onError(GlobalSettings.scala:188)
	at play.api.http.GlobalSettingsHttpErrorHandler.onServerError(HttpErrorHandler.scala:98)
	at play.core.server.netty.PlayRequestHandler$$anonfun$2$$anonfun$apply$1.applyOrElse(PlayRequestHandler.scala:100)
	at play.core.server.netty.PlayRequestHandler$$anonfun$2$$anonfun$apply$1.applyOrElse(PlayRequestHandler.scala:99)
	at scala.concurrent.Future$$anonfun$recoverWith$1.apply(Future.scala:344)
	at scala.concurrent.Future$$anonfun$recoverWith$1.apply(Future.scala:343)
	at scala.concurrent.impl.CallbackRunnable.run(Promise.scala:32)
	at play.api.libs.iteratee.Execution$trampoline$.execute(Execution.scala:70)
	at scala.concurrent.impl.CallbackRunnable.executeWithValue(Promise.scala:40)
	at scala.concurrent.impl.Promise$DefaultPromise.scala$concurrent$impl$Promise$DefaultPromise$$dispatchOrAddCallback(Promise.scala:280)
	at scala.concurrent.impl.Promise$DefaultPromise.onComplete(Promise.scala:270)
	at scala.concurrent.Future$class.recoverWith(Future.scala:343)
	at scala.concurrent.impl.Promise$DefaultPromise.recoverWith(Promise.scala:153)
	at play.api.libs.streams.SinkAccumulator$$anonfun$recoverWith$1$$anonfun$apply$5.apply(Accumulator.scala:119)
	at play.api.libs.streams.SinkAccumulator$$anonfun$recoverWith$1$$anonfun$apply$5.apply(Accumulator.scala:119)
	at akka.stream.impl.MaterializerSession.resolveMaterialized(StreamLayout.scala:894)
	at akka.stream.impl.MaterializerSession.materializeModule(StreamLayout.scala:871)
	at akka.stream.impl.MaterializerSession.materialize(StreamLayout.scala:817)
	at akka.stream.impl.ActorMaterializerImpl.materialize(ActorMaterializerImpl.scala:190)
	at akka.stream.impl.ActorMaterializerImpl.materialize(ActorMaterializerImpl.scala:79)
	at akka.stream.scaladsl.RunnableGraph.run(Flow.scala:367)
	at play.api.libs.streams.SinkAccumulator.run(Accumulator.scala:125)
	at play.api.libs.streams.SinkAccumulator.run(Accumulator.scala:129)
	at play.core.server.netty.PlayRequestHandler.play$core$server$netty$PlayRequestHandler$$handleAction(PlayRequestHandler.scala:258)
	at play.core.server.netty.PlayRequestHandler.handle(PlayRequestHandler.scala:103)
	at play.core.server.netty.PlayRequestHandler.channelRead(PlayRequestHandler.scala:163)
	at io.netty.channel.AbstractChannelHandlerContext.invokeChannelRead(AbstractChannelHandlerContext.java:292)
	at io.netty.channel.AbstractChannelHandlerContext.fireChannelRead(AbstractChannelHandlerContext.java:278)
	at com.typesafe.netty.http.HttpStreamsHandler.channelRead(HttpStreamsHandler.java:129)
	at com.typesafe.netty.http.HttpStreamsServerHandler.channelRead(HttpStreamsServerHandler.java:96)
	at io.netty.channel.AbstractChannelHandlerContext.invokeChannelRead(AbstractChannelHandlerContext.java:292)
	at io.netty.channel.AbstractChannelHandlerContext.fireChannelRead(AbstractChannelHandlerContext.java:278)
	at io.netty.handler.codec.MessageToMessageDecoder.channelRead(MessageToMessageDecoder.java:103)
	at io.netty.channel.AbstractChannelHandlerContext.invokeChannelRead(AbstractChannelHandlerContext.java:292)
	at io.netty.channel.AbstractChannelHandlerContext.fireChannelRead(AbstractChannelHandlerContext.java:278)
	at io.netty.handler.codec.ByteToMessageDecoder.fireChannelRead(ByteToMessageDecoder.java:277)
	at io.netty.handler.codec.ByteToMessageDecoder.channelRead(ByteToMessageDecoder.java:264)
	at io.netty.channel.AbstractChannelHandlerContext.invokeChannelRead(AbstractChannelHandlerContext.java:292)
	at io.netty.channel.AbstractChannelHandlerContext.fireChannelRead(AbstractChannelHandlerContext.java:278)
	at io.netty.channel.DefaultChannelPipeline.fireChannelRead(DefaultChannelPipeline.java:962)
	at io.netty.channel.nio.AbstractNioByteChannel$NioByteUnsafe.read(AbstractNioByteChannel.java:131)
	at io.netty.channel.nio.NioEventLoop.processSelectedKey(NioEventLoop.java:528)
	at io.netty.channel.nio.NioEventLoop.processSelectedKeysOptimized(NioEventLoop.java:485)
	at io.netty.channel.nio.NioEventLoop.processSelectedKeys(NioEventLoop.java:399)
	at io.netty.channel.nio.NioEventLoop.run(NioEventLoop.java:371)
	at io.netty.util.concurrent.SingleThreadEventExecutor$2.run(SingleThreadEventExecutor.java:112)
	at java.lang.Thread.run(Thread.java:745)
Caused by: java.util.concurrent.CompletionException: java.lang.NullPointerException: Null content
	at java.util.concurrent.CompletableFuture.encodeThrowable(CompletableFuture.java:292)
	at java.util.concurrent.CompletableFuture.completeThrowable(CompletableFuture.java:308)
	at java.util.concurrent.CompletableFuture.uniApply(CompletableFuture.java:593)
	at java.util.concurrent.CompletableFuture$UniApply.tryFire(CompletableFuture.java:577)
	at java.util.concurrent.CompletableFuture.postComplete(CompletableFuture.java:474)
	at java.util.concurrent.CompletableFuture.completeExceptionally(CompletableFuture.java:1977)
	at scala.concurrent.java8.FuturesConvertersImpl$CF.apply(FutureConvertersImpl.scala:21)
	at scala.concurrent.java8.FuturesConvertersImpl$CF.apply(FutureConvertersImpl.scala:18)
	at scala.concurrent.impl.CallbackRunnable.run(Promise.scala:32)
	at scala.concurrent.BatchingExecutor$Batch$$anonfun$run$1.processBatch$1(BatchingExecutor.scala:63)
	at scala.concurrent.BatchingExecutor$Batch$$anonfun$run$1.apply$mcV$sp(BatchingExecutor.scala:78)
	at scala.concurrent.BatchingExecutor$Batch$$anonfun$run$1.apply(BatchingExecutor.scala:55)
	at scala.concurrent.BatchingExecutor$Batch$$anonfun$run$1.apply(BatchingExecutor.scala:55)
	at scala.concurrent.BlockContext$.withBlockContext(BlockContext.scala:72)
	at scala.concurrent.BatchingExecutor$Batch.run(BatchingExecutor.scala:54)
	at scala.concurrent.Future$InternalCallbackExecutor$.unbatchedExecute(Future.scala:599)
	at scala.concurrent.BatchingExecutor$class.execute(BatchingExecutor.scala:106)
	at scala.concurrent.Future$InternalCallbackExecutor$.execute(Future.scala:597)
	at scala.concurrent.impl.CallbackRunnable.executeWithValue(Promise.scala:40)
	at scala.concurrent.impl.Promise$DefaultPromise.tryComplete(Promise.scala:248)
	at scala.concurrent.Promise$class.tryFailure(Promise.scala:112)
	at scala.concurrent.impl.Promise$DefaultPromise.tryFailure(Promise.scala:153)
	at play.api.mvc.Filter$$anon$1$$anonfun$apply$4$$anonfun$apply$1.applyOrElse(Filters.scala:83)
	at play.api.mvc.Filter$$anon$1$$anonfun$apply$4$$anonfun$apply$1.applyOrElse(Filters.scala:77)
	at scala.concurrent.Future$$anonfun$recoverWith$1.apply(Future.scala:344)
	at scala.concurrent.Future$$anonfun$recoverWith$1.apply(Future.scala:343)
	at scala.concurrent.impl.CallbackRunnable.run(Promise.scala:32)
	at akka.dispatch.BatchingExecutor$AbstractBatch.processBatch(BatchingExecutor.scala:55)
	at akka.dispatch.BatchingExecutor$BlockableBatch$$anonfun$run$1.apply$mcV$sp(BatchingExecutor.scala:91)
	at akka.dispatch.BatchingExecutor$BlockableBatch$$anonfun$run$1.apply(BatchingExecutor.scala:91)
	at akka.dispatch.BatchingExecutor$BlockableBatch$$anonfun$run$1.apply(BatchingExecutor.scala:91)
	at scala.concurrent.BlockContext$.withBlockContext(BlockContext.scala:72)
	at akka.dispatch.BatchingExecutor$BlockableBatch.run(BatchingExecutor.scala:90)
	at akka.dispatch.TaskInvocation.run(AbstractDispatcher.scala:39)
	at akka.dispatch.ForkJoinExecutorConfigurator$AkkaForkJoinTask.exec(AbstractDispatcher.scala:405)
	at scala.concurrent.forkjoin.ForkJoinTask.doExec(ForkJoinTask.java:260)
	at scala.concurrent.forkjoin.ForkJoinPool$WorkQueue.runTask(ForkJoinPool.java:1339)
	at scala.concurrent.forkjoin.ForkJoinPool.runWorker(ForkJoinPool.java:1979)
	at scala.concurrent.forkjoin.ForkJoinWorkerThread.run(ForkJoinWorkerThread.java:107)
Caused by: java.lang.NullPointerException: Null content
	at play.mvc.Results.status(Results.java:126)
	at play.mvc.Results.status(Results.java:112)
	at play.mvc.Results.ok(Results.java:517)
	at controllers.UserController.getUser(UserController.java:31)
	at router.Routes$$anonfun$routes$1$$anonfun$applyOrElse$8$$anonfun$apply$8.apply(Routes.scala:275)
	at router.Routes$$anonfun$routes$1$$anonfun$applyOrElse$8$$anonfun$apply$8.apply(Routes.scala:275)
	at play.core.routing.HandlerInvokerFactory$$anon$4.resultCall(HandlerInvoker.scala:157)
	at play.core.routing.HandlerInvokerFactory$$anon$4.resultCall(HandlerInvoker.scala:156)
	at play.core.routing.HandlerInvokerFactory$JavaActionInvokerFactory$$anon$14$$anon$3$$anon$1.invocation(HandlerInvoker.scala:136)
	at play.core.j.JavaAction$$anon$1.call(JavaAction.scala:73)
	at play.http.HttpRequestHandler$1.call(HttpRequestHandler.java:54)
	at play.core.j.JavaAction$$anonfun$7.apply(JavaAction.scala:108)
	at play.core.j.JavaAction$$anonfun$7.apply(JavaAction.scala:108)
	at scala.concurrent.impl.Future$PromiseCompletingRunnable.liftedTree1$1(Future.scala:24)
	at scala.concurrent.impl.Future$PromiseCompletingRunnable.run(Future.scala:24)
	at play.core.j.HttpExecutionContext$$anon$2.run(HttpExecutionContext.scala:56)
	at play.api.libs.iteratee.Execution$trampoline$.execute(Execution.scala:70)
	at play.core.j.HttpExecutionContext.execute(HttpExecutionContext.scala:48)
	at scala.concurrent.impl.Future$.apply(Future.scala:31)
	at scala.concurrent.Future$.apply(Future.scala:492)
	at play.core.j.JavaAction.apply(JavaAction.scala:108)
	at play.api.mvc.Action$$anonfun$apply$2$$anonfun$apply$5$$anonfun$apply$6.apply(Action.scala:112)
	at play.api.mvc.Action$$anonfun$apply$2$$anonfun$apply$5$$anonfun$apply$6.apply(Action.scala:112)
	at play.utils.Threads$.withContextClassLoader(Threads.scala:21)
	at play.api.mvc.Action$$anonfun$apply$2$$anonfun$apply$5.apply(Action.scala:111)
	at play.api.mvc.Action$$anonfun$apply$2$$anonfun$apply$5.apply(Action.scala:110)
	at scala.Option.map(Option.scala:146)
	at play.api.mvc.Action$$anonfun$apply$2.apply(Action.scala:110)
	at play.api.mvc.Action$$anonfun$apply$2.apply(Action.scala:103)
	at scala.concurrent.Future$$anonfun$flatMap$1.apply(Future.scala:251)
	at scala.concurrent.Future$$anonfun$flatMap$1.apply(Future.scala:249)
	... 13 common frames omitted
2016-07-25 22:09:19,231 [ERROR] from application in netty-event-loop-8 - 

! @70ooeld03 - Internal server error, for (GET) [/api/user/victor] ->
 
play.api.http.HttpErrorHandlerExceptions$$anon$1: Execution exception[[CompletionException: java.lang.NullPointerException: Null content]]
	at play.api.http.HttpErrorHandlerExceptions$.throwableToUsefulException(HttpErrorHandler.scala:280)
	at play.api.http.DefaultHttpErrorHandler.onServerError(HttpErrorHandler.scala:206)
	at play.api.GlobalSettings$class.onError(GlobalSettings.scala:160)
	at play.api.DefaultGlobal$.onError(GlobalSettings.scala:188)
	at play.api.http.GlobalSettingsHttpErrorHandler.onServerError(HttpErrorHandler.scala:98)
	at play.core.server.netty.PlayRequestHandler$$anonfun$2$$anonfun$apply$1.applyOrElse(PlayRequestHandler.scala:100)
	at play.core.server.netty.PlayRequestHandler$$anonfun$2$$anonfun$apply$1.applyOrElse(PlayRequestHandler.scala:99)
	at scala.concurrent.Future$$anonfun$recoverWith$1.apply(Future.scala:344)
	at scala.concurrent.Future$$anonfun$recoverWith$1.apply(Future.scala:343)
	at scala.concurrent.impl.CallbackRunnable.run(Promise.scala:32)
	at play.api.libs.iteratee.Execution$trampoline$.execute(Execution.scala:70)
	at scala.concurrent.impl.CallbackRunnable.executeWithValue(Promise.scala:40)
	at scala.concurrent.impl.Promise$DefaultPromise.scala$concurrent$impl$Promise$DefaultPromise$$dispatchOrAddCallback(Promise.scala:280)
	at scala.concurrent.impl.Promise$DefaultPromise.onComplete(Promise.scala:270)
	at scala.concurrent.Future$class.recoverWith(Future.scala:343)
	at scala.concurrent.impl.Promise$DefaultPromise.recoverWith(Promise.scala:153)
	at play.api.libs.streams.SinkAccumulator$$anonfun$recoverWith$1$$anonfun$apply$5.apply(Accumulator.scala:119)
	at play.api.libs.streams.SinkAccumulator$$anonfun$recoverWith$1$$anonfun$apply$5.apply(Accumulator.scala:119)
	at akka.stream.impl.MaterializerSession.resolveMaterialized(StreamLayout.scala:894)
	at akka.stream.impl.MaterializerSession.materializeModule(StreamLayout.scala:871)
	at akka.stream.impl.MaterializerSession.materialize(StreamLayout.scala:817)
	at akka.stream.impl.ActorMaterializerImpl.materialize(ActorMaterializerImpl.scala:190)
	at akka.stream.impl.ActorMaterializerImpl.materialize(ActorMaterializerImpl.scala:79)
	at akka.stream.scaladsl.RunnableGraph.run(Flow.scala:367)
	at play.api.libs.streams.SinkAccumulator.run(Accumulator.scala:125)
	at play.api.libs.streams.SinkAccumulator.run(Accumulator.scala:129)
	at play.core.server.netty.PlayRequestHandler.play$core$server$netty$PlayRequestHandler$$handleAction(PlayRequestHandler.scala:258)
	at play.core.server.netty.PlayRequestHandler.handle(PlayRequestHandler.scala:103)
	at play.core.server.netty.PlayRequestHandler.channelRead(PlayRequestHandler.scala:163)
	at io.netty.channel.AbstractChannelHandlerContext.invokeChannelRead(AbstractChannelHandlerContext.java:292)
	at io.netty.channel.AbstractChannelHandlerContext.fireChannelRead(AbstractChannelHandlerContext.java:278)
	at com.typesafe.netty.http.HttpStreamsHandler.channelRead(HttpStreamsHandler.java:129)
	at com.typesafe.netty.http.HttpStreamsServerHandler.channelRead(HttpStreamsServerHandler.java:96)
	at io.netty.channel.AbstractChannelHandlerContext.invokeChannelRead(AbstractChannelHandlerContext.java:292)
	at io.netty.channel.AbstractChannelHandlerContext.fireChannelRead(AbstractChannelHandlerContext.java:278)
	at io.netty.handler.codec.MessageToMessageDecoder.channelRead(MessageToMessageDecoder.java:103)
	at io.netty.channel.AbstractChannelHandlerContext.invokeChannelRead(AbstractChannelHandlerContext.java:292)
	at io.netty.channel.AbstractChannelHandlerContext.fireChannelRead(AbstractChannelHandlerContext.java:278)
	at io.netty.handler.codec.ByteToMessageDecoder.fireChannelRead(ByteToMessageDecoder.java:277)
	at io.netty.handler.codec.ByteToMessageDecoder.channelRead(ByteToMessageDecoder.java:264)
	at io.netty.channel.AbstractChannelHandlerContext.invokeChannelRead(AbstractChannelHandlerContext.java:292)
	at io.netty.channel.AbstractChannelHandlerContext.fireChannelRead(AbstractChannelHandlerContext.java:278)
	at io.netty.channel.DefaultChannelPipeline.fireChannelRead(DefaultChannelPipeline.java:962)
	at io.netty.channel.nio.AbstractNioByteChannel$NioByteUnsafe.read(AbstractNioByteChannel.java:131)
	at io.netty.channel.nio.NioEventLoop.processSelectedKey(NioEventLoop.java:528)
	at io.netty.channel.nio.NioEventLoop.processSelectedKeysOptimized(NioEventLoop.java:485)
	at io.netty.channel.nio.NioEventLoop.processSelectedKeys(NioEventLoop.java:399)
	at io.netty.channel.nio.NioEventLoop.run(NioEventLoop.java:371)
	at io.netty.util.concurrent.SingleThreadEventExecutor$2.run(SingleThreadEventExecutor.java:112)
	at java.lang.Thread.run(Thread.java:745)
Caused by: java.util.concurrent.CompletionException: java.lang.NullPointerException: Null content
	at java.util.concurrent.CompletableFuture.encodeThrowable(CompletableFuture.java:292)
	at java.util.concurrent.CompletableFuture.completeThrowable(CompletableFuture.java:308)
	at java.util.concurrent.CompletableFuture.uniApply(CompletableFuture.java:593)
	at java.util.concurrent.CompletableFuture$UniApply.tryFire(CompletableFuture.java:577)
	at java.util.concurrent.CompletableFuture.postComplete(CompletableFuture.java:474)
	at java.util.concurrent.CompletableFuture.completeExceptionally(CompletableFuture.java:1977)
	at scala.concurrent.java8.FuturesConvertersImpl$CF.apply(FutureConvertersImpl.scala:21)
	at scala.concurrent.java8.FuturesConvertersImpl$CF.apply(FutureConvertersImpl.scala:18)
	at scala.concurrent.impl.CallbackRunnable.run(Promise.scala:32)
	at scala.concurrent.BatchingExecutor$Batch$$anonfun$run$1.processBatch$1(BatchingExecutor.scala:63)
	at scala.concurrent.BatchingExecutor$Batch$$anonfun$run$1.apply$mcV$sp(BatchingExecutor.scala:78)
	at scala.concurrent.BatchingExecutor$Batch$$anonfun$run$1.apply(BatchingExecutor.scala:55)
	at scala.concurrent.BatchingExecutor$Batch$$anonfun$run$1.apply(BatchingExecutor.scala:55)
	at scala.concurrent.BlockContext$.withBlockContext(BlockContext.scala:72)
	at scala.concurrent.BatchingExecutor$Batch.run(BatchingExecutor.scala:54)
	at scala.concurrent.Future$InternalCallbackExecutor$.unbatchedExecute(Future.scala:599)
	at scala.concurrent.BatchingExecutor$class.execute(BatchingExecutor.scala:106)
	at scala.concurrent.Future$InternalCallbackExecutor$.execute(Future.scala:597)
	at scala.concurrent.impl.CallbackRunnable.executeWithValue(Promise.scala:40)
	at scala.concurrent.impl.Promise$DefaultPromise.tryComplete(Promise.scala:248)
	at scala.concurrent.Promise$class.tryFailure(Promise.scala:112)
	at scala.concurrent.impl.Promise$DefaultPromise.tryFailure(Promise.scala:153)
	at play.api.mvc.Filter$$anon$1$$anonfun$apply$4$$anonfun$apply$1.applyOrElse(Filters.scala:83)
	at play.api.mvc.Filter$$anon$1$$anonfun$apply$4$$anonfun$apply$1.applyOrElse(Filters.scala:77)
	at scala.concurrent.Future$$anonfun$recoverWith$1.apply(Future.scala:344)
	at scala.concurrent.Future$$anonfun$recoverWith$1.apply(Future.scala:343)
	at scala.concurrent.impl.CallbackRunnable.run(Promise.scala:32)
	at akka.dispatch.BatchingExecutor$AbstractBatch.processBatch(BatchingExecutor.scala:55)
	at akka.dispatch.BatchingExecutor$BlockableBatch$$anonfun$run$1.apply$mcV$sp(BatchingExecutor.scala:91)
	at akka.dispatch.BatchingExecutor$BlockableBatch$$anonfun$run$1.apply(BatchingExecutor.scala:91)
	at akka.dispatch.BatchingExecutor$BlockableBatch$$anonfun$run$1.apply(BatchingExecutor.scala:91)
	at scala.concurrent.BlockContext$.withBlockContext(BlockContext.scala:72)
	at akka.dispatch.BatchingExecutor$BlockableBatch.run(BatchingExecutor.scala:90)
	at akka.dispatch.TaskInvocation.run(AbstractDispatcher.scala:39)
	at akka.dispatch.ForkJoinExecutorConfigurator$AkkaForkJoinTask.exec(AbstractDispatcher.scala:405)
	at scala.concurrent.forkjoin.ForkJoinTask.doExec(ForkJoinTask.java:260)
	at scala.concurrent.forkjoin.ForkJoinPool$WorkQueue.runTask(ForkJoinPool.java:1339)
	at scala.concurrent.forkjoin.ForkJoinPool.runWorker(ForkJoinPool.java:1979)
	at scala.concurrent.forkjoin.ForkJoinWorkerThread.run(ForkJoinWorkerThread.java:107)
Caused by: java.lang.NullPointerException: Null content
	at play.mvc.Results.status(Results.java:126)
	at play.mvc.Results.status(Results.java:112)
	at play.mvc.Results.ok(Results.java:517)
	at controllers.UserController.getUser(UserController.java:31)
	at router.Routes$$anonfun$routes$1$$anonfun$applyOrElse$8$$anonfun$apply$8.apply(Routes.scala:275)
	at router.Routes$$anonfun$routes$1$$anonfun$applyOrElse$8$$anonfun$apply$8.apply(Routes.scala:275)
	at play.core.routing.HandlerInvokerFactory$$anon$4.resultCall(HandlerInvoker.scala:157)
	at play.core.routing.HandlerInvokerFactory$$anon$4.resultCall(HandlerInvoker.scala:156)
	at play.core.routing.HandlerInvokerFactory$JavaActionInvokerFactory$$anon$14$$anon$3$$anon$1.invocation(HandlerInvoker.scala:136)
	at play.core.j.JavaAction$$anon$1.call(JavaAction.scala:73)
	at play.http.HttpRequestHandler$1.call(HttpRequestHandler.java:54)
	at play.core.j.JavaAction$$anonfun$7.apply(JavaAction.scala:108)
	at play.core.j.JavaAction$$anonfun$7.apply(JavaAction.scala:108)
	at scala.concurrent.impl.Future$PromiseCompletingRunnable.liftedTree1$1(Future.scala:24)
	at scala.concurrent.impl.Future$PromiseCompletingRunnable.run(Future.scala:24)
	at play.core.j.HttpExecutionContext$$anon$2.run(HttpExecutionContext.scala:56)
	at play.api.libs.iteratee.Execution$trampoline$.execute(Execution.scala:70)
	at play.core.j.HttpExecutionContext.execute(HttpExecutionContext.scala:48)
	at scala.concurrent.impl.Future$.apply(Future.scala:31)
	at scala.concurrent.Future$.apply(Future.scala:492)
	at play.core.j.JavaAction.apply(JavaAction.scala:108)
	at play.api.mvc.Action$$anonfun$apply$2$$anonfun$apply$5$$anonfun$apply$6.apply(Action.scala:112)
	at play.api.mvc.Action$$anonfun$apply$2$$anonfun$apply$5$$anonfun$apply$6.apply(Action.scala:112)
	at play.utils.Threads$.withContextClassLoader(Threads.scala:21)
	at play.api.mvc.Action$$anonfun$apply$2$$anonfun$apply$5.apply(Action.scala:111)
	at play.api.mvc.Action$$anonfun$apply$2$$anonfun$apply$5.apply(Action.scala:110)
	at scala.Option.map(Option.scala:146)
	at play.api.mvc.Action$$anonfun$apply$2.apply(Action.scala:110)
	at play.api.mvc.Action$$anonfun$apply$2.apply(Action.scala:103)
	at scala.concurrent.Future$$anonfun$flatMap$1.apply(Future.scala:251)
	at scala.concurrent.Future$$anonfun$flatMap$1.apply(Future.scala:249)
	... 13 common frames omitted
2016-07-25 22:10:09,210 [INFO] from application in application-akka.actor.default-dispatcher-5 - ApplicationTimer demo: Stopping application at 2016-07-26T01:10:09.210Z after 59s.
2016-07-25 22:10:09,279 [INFO] from application in application-akka.actor.default-dispatcher-5 - ApplicationTimer demo: Starting application at 2016-07-26T01:10:09.279Z
2016-07-25 22:10:09,326 [INFO] from play.api.Play in application-akka.actor.default-dispatcher-5 - Application started (Dev)
2016-07-25 22:10:39,704 [INFO] from application in application-akka.actor.default-dispatcher-5 - ApplicationTimer demo: Stopping application at 2016-07-26T01:10:39.704Z after 30s.
2016-07-25 22:10:39,784 [INFO] from application in application-akka.actor.default-dispatcher-5 - ApplicationTimer demo: Starting application at 2016-07-26T01:10:39.784Z
2016-07-25 22:10:39,841 [INFO] from play.api.Play in application-akka.actor.default-dispatcher-5 - Application started (Dev)
2016-07-25 22:11:52,061 [INFO] from application in application-akka.actor.default-dispatcher-4 - ApplicationTimer demo: Stopping application at 2016-07-26T01:11:52.061Z after 73s.
2016-07-25 22:11:52,155 [INFO] from application in application-akka.actor.default-dispatcher-4 - ApplicationTimer demo: Starting application at 2016-07-26T01:11:52.155Z
2016-07-25 22:11:52,226 [INFO] from play.api.Play in application-akka.actor.default-dispatcher-4 - Application started (Dev)
2016-07-25 22:12:11,624 [INFO] from application in application-akka.actor.default-dispatcher-8 - ApplicationTimer demo: Stopping application at 2016-07-26T01:12:11.624Z after 19s.
2016-07-25 22:12:11,679 [INFO] from application in application-akka.actor.default-dispatcher-8 - ApplicationTimer demo: Starting application at 2016-07-26T01:12:11.679Z
2016-07-25 22:12:11,722 [INFO] from play.api.Play in application-akka.actor.default-dispatcher-8 - Application started (Dev)
2016-07-25 22:13:04,533 [INFO] from application in application-akka.actor.default-dispatcher-3 - ApplicationTimer demo: Stopping application at 2016-07-26T01:13:04.533Z after 53s.
2016-07-25 22:13:04,578 [INFO] from application in application-akka.actor.default-dispatcher-3 - ApplicationTimer demo: Starting application at 2016-07-26T01:13:04.578Z
2016-07-25 22:13:04,628 [INFO] from play.api.Play in application-akka.actor.default-dispatcher-3 - Application started (Dev)
2016-07-25 22:16:46,445 [INFO] from application in application-akka.actor.default-dispatcher-5 - ApplicationTimer demo: Stopping application at 2016-07-26T01:16:46.445Z after 222s.
2016-07-25 22:16:46,502 [INFO] from application in application-akka.actor.default-dispatcher-5 - ApplicationTimer demo: Starting application at 2016-07-26T01:16:46.502Z
2016-07-25 22:16:46,545 [INFO] from play.api.Play in application-akka.actor.default-dispatcher-5 - Application started (Dev)
2016-07-25 22:26:51,318 [INFO] from application in application-akka.actor.default-dispatcher-2 - ApplicationTimer demo: Stopping application at 2016-07-26T01:26:51.318Z after 605s.
2016-07-25 22:26:51,384 [INFO] from application in application-akka.actor.default-dispatcher-2 - ApplicationTimer demo: Starting application at 2016-07-26T01:26:51.384Z
2016-07-25 22:26:51,437 [INFO] from play.api.Play in application-akka.actor.default-dispatcher-2 - Application started (Dev)
2016-07-25 22:27:53,857 [INFO] from application in application-akka.actor.default-dispatcher-2 - ApplicationTimer demo: Stopping application at 2016-07-26T01:27:53.857Z after 62s.
2016-07-25 22:27:53,926 [INFO] from application in application-akka.actor.default-dispatcher-2 - ApplicationTimer demo: Starting application at 2016-07-26T01:27:53.926Z
2016-07-25 22:27:53,979 [INFO] from play.api.Play in application-akka.actor.default-dispatcher-2 - Application started (Dev)
2016-07-25 22:31:27,938 [INFO] from application in application-akka.actor.default-dispatcher-5 - ApplicationTimer demo: Stopping application at 2016-07-26T01:31:27.938Z after 214s.
2016-07-25 22:31:27,989 [INFO] from application in application-akka.actor.default-dispatcher-5 - ApplicationTimer demo: Starting application at 2016-07-26T01:31:27.988Z
2016-07-25 22:31:28,033 [INFO] from play.api.Play in application-akka.actor.default-dispatcher-5 - Application started (Dev)
